c:\users\79159\desktop\nngu\интеллектуральные системы и технологии\checkersga\shashki-master — копия\shashki-master\x64\debug\shashki.pch
c:\users\79159\desktop\nngu\интеллектуральные системы и технологии\checkersga\shashki-master — копия\shashki-master\x64\debug\vc143.pdb
c:\users\79159\desktop\nngu\интеллектуральные системы и технологии\checkersga\shashki-master — копия\shashki-master\x64\debug\vc143.idb
c:\users\79159\desktop\nngu\интеллектуральные системы и технологии\checkersga\shashki-master — копия\shashki-master\x64\debug\pch.obj
c:\users\79159\desktop\nngu\интеллектуральные системы и технологии\checkersga\shashki-master — копия\shashki-master\x64\debug\shashki.obj
c:\users\79159\desktop\nngu\интеллектуральные системы и технологии\checkersga\shashki-master — копия\shashki-master\x64\debug\neuron.obj
c:\users\79159\desktop\nngu\интеллектуральные системы и технологии\checkersga\shashki-master — копия\shashki-master\x64\debug\mydlg.obj
c:\users\79159\desktop\nngu\интеллектуральные системы и технологии\checkersga\shashki-master — копия\shashki-master\x64\debug\gamedlg.obj
c:\users\79159\desktop\nngu\интеллектуральные системы и технологии\checkersga\shashki-master — копия\shashki-master\x64\debug\game.obj
c:\users\79159\desktop\nngu\интеллектуральные системы и технологии\checkersga\shashki-master — копия\shashki-master\x64\debug\forcedtraindlg.obj
c:\users\79159\desktop\nngu\интеллектуральные системы и технологии\checkersga\shashki-master — копия\shashki-master\x64\debug\drawer.obj
c:\users\79159\desktop\nngu\интеллектуральные системы и технологии\checkersga\shashki-master\shashki-master\x64\debug\shashki.exe
c:\users\79159\desktop\nngu\интеллектуральные системы и технологии\checkersga\shashki-master\shashki-master\x64\debug\shashki.ilk
c:\users\79159\desktop\nngu\интеллектуральные системы и технологии\checkersga\shashki-master\shashki-master\x64\debug\shashki.pdb
c:\users\79159\desktop\nngu\интеллектуральные системы и технологии\checkersga\shashki-master — копия\shashki-master\x64\debug\shashki.exe
c:\users\79159\desktop\nngu\интеллектуральные системы и технологии\checkersga\shashki-master — копия\shashki-master\x64\debug\shashki.ilk
c:\users\79159\desktop\nngu\интеллектуральные системы и технологии\checkersga\shashki-master — копия\shashki-master\x64\debug\shashki.pdb
c:\users\79159\desktop\nngu\интеллектуральные системы и технологии\checkersga\shashki-master\shashki-master\x64\debug\shashki.res
c:\users\79159\desktop\nngu\интеллектуральные системы и технологии\checkersga\shashki-master — копия\shashki-master\x64\debug\shashki.res
c:\users\79159\desktop\nngu\интеллектуральные системы и технологии\checkersga\shashki-master — копия\shashki-master\x64\debug\shashki.tlog\cl.command.1.tlog
c:\users\79159\desktop\nngu\интеллектуральные системы и технологии\checkersga\shashki-master — копия\shashki-master\x64\debug\shashki.tlog\cl.items.tlog
c:\users\79159\desktop\nngu\интеллектуральные системы и технологии\checkersga\shashki-master — копия\shashki-master\x64\debug\shashki.tlog\cl.read.1.tlog
c:\users\79159\desktop\nngu\интеллектуральные системы и технологии\checkersga\shashki-master — копия\shashki-master\x64\debug\shashki.tlog\cl.write.1.tlog
c:\users\79159\desktop\nngu\интеллектуральные системы и технологии\checkersga\shashki-master — копия\shashki-master\x64\debug\shashki.tlog\link.command.1.tlog
c:\users\79159\desktop\nngu\интеллектуральные системы и технологии\checkersga\shashki-master — копия\shashki-master\x64\debug\shashki.tlog\link.read.1.tlog
c:\users\79159\desktop\nngu\интеллектуральные системы и технологии\checkersga\shashki-master — копия\shashki-master\x64\debug\shashki.tlog\link.write.1.tlog
c:\users\79159\desktop\nngu\интеллектуральные системы и технологии\checkersga\shashki-master — копия\shashki-master\x64\debug\shashki.tlog\rc.command.1.tlog
c:\users\79159\desktop\nngu\интеллектуральные системы и технологии\checkersga\shashki-master — копия\shashki-master\x64\debug\shashki.tlog\rc.read.1.tlog
c:\users\79159\desktop\nngu\интеллектуральные системы и технологии\checkersga\shashki-master — копия\shashki-master\x64\debug\shashki.tlog\rc.write.1.tlog
