c:\users\79159\desktop\nngu\моделирование систем\потенциал\puason\puason\x64\debug\puason.pch
c:\users\79159\desktop\nngu\моделирование систем\потенциал\puason\puason\x64\debug\vc143.pdb
c:\users\79159\desktop\nngu\моделирование систем\потенциал\puason\puason\x64\debug\vc143.idb
c:\users\79159\desktop\nngu\моделирование систем\потенциал\puason\puason\x64\debug\pch.obj
c:\users\79159\desktop\nngu\моделирование систем\потенциал\puason\puason\x64\debug\work.obj
c:\users\79159\desktop\nngu\моделирование систем\потенциал\puason\puason\x64\debug\puasondlg.obj
c:\users\79159\desktop\nngu\моделирование систем\потенциал\puason\puason\x64\debug\puason.obj
c:\users\79159\desktop\nngu\моделирование систем\потенциал\puason\puason\x64\debug\my_puasson.obj
c:\users\79159\desktop\nngu\моделирование систем\потенциал\puason\puason\x64\debug\puason.res
c:\users\79159\desktop\nngu\моделирование систем\потенциал\puason\x64\debug\puason.pdb
c:\users\79159\desktop\nngu\моделирование систем\потенциал\puason\puason\x64\debug\puason.tlog\cl.command.1.tlog
c:\users\79159\desktop\nngu\моделирование систем\потенциал\puason\puason\x64\debug\puason.tlog\cl.items.tlog
c:\users\79159\desktop\nngu\моделирование систем\потенциал\puason\puason\x64\debug\puason.tlog\cl.read.1.tlog
c:\users\79159\desktop\nngu\моделирование систем\потенциал\puason\puason\x64\debug\puason.tlog\cl.write.1.tlog
c:\users\79159\desktop\nngu\моделирование систем\потенциал\puason\puason\x64\debug\puason.tlog\link-cvtres.read.1.tlog
c:\users\79159\desktop\nngu\моделирование систем\потенциал\puason\puason\x64\debug\puason.tlog\link-cvtres.write.1.tlog
c:\users\79159\desktop\nngu\моделирование систем\потенциал\puason\puason\x64\debug\puason.tlog\link-mt.read.1.tlog
c:\users\79159\desktop\nngu\моделирование систем\потенциал\puason\puason\x64\debug\puason.tlog\link-mt.write.1.tlog
c:\users\79159\desktop\nngu\моделирование систем\потенциал\puason\puason\x64\debug\puason.tlog\link-rc.read.1.tlog
c:\users\79159\desktop\nngu\моделирование систем\потенциал\puason\puason\x64\debug\puason.tlog\link-rc.write.1.tlog
c:\users\79159\desktop\nngu\моделирование систем\потенциал\puason\puason\x64\debug\puason.tlog\link.9072-cvtres.read.1.tlog
c:\users\79159\desktop\nngu\моделирование систем\потенциал\puason\puason\x64\debug\puason.tlog\link.9072-cvtres.write.1.tlog
c:\users\79159\desktop\nngu\моделирование систем\потенциал\puason\puason\x64\debug\puason.tlog\link.9072-mt.read.1.tlog
c:\users\79159\desktop\nngu\моделирование систем\потенциал\puason\puason\x64\debug\puason.tlog\link.9072-mt.write.1.tlog
c:\users\79159\desktop\nngu\моделирование систем\потенциал\puason\puason\x64\debug\puason.tlog\link.9072-rc.read.1.tlog
c:\users\79159\desktop\nngu\моделирование систем\потенциал\puason\puason\x64\debug\puason.tlog\link.9072-rc.write.1.tlog
c:\users\79159\desktop\nngu\моделирование систем\потенциал\puason\puason\x64\debug\puason.tlog\link.9072.read.1.tlog
c:\users\79159\desktop\nngu\моделирование систем\потенциал\puason\puason\x64\debug\puason.tlog\link.9072.read.2.tlog
c:\users\79159\desktop\nngu\моделирование систем\потенциал\puason\puason\x64\debug\puason.tlog\link.9072.write.1.tlog
c:\users\79159\desktop\nngu\моделирование систем\потенциал\puason\puason\x64\debug\puason.tlog\link.command.1.tlog
c:\users\79159\desktop\nngu\моделирование систем\потенциал\puason\puason\x64\debug\puason.tlog\link.read.1.tlog
c:\users\79159\desktop\nngu\моделирование систем\потенциал\puason\puason\x64\debug\puason.tlog\link.read.2.tlog
c:\users\79159\desktop\nngu\моделирование систем\потенциал\puason\puason\x64\debug\puason.tlog\link.write.1.tlog
c:\users\79159\desktop\nngu\моделирование систем\потенциал\puason\puason\x64\debug\puason.tlog\rc.command.1.tlog
c:\users\79159\desktop\nngu\моделирование систем\потенциал\puason\puason\x64\debug\puason.tlog\rc.read.1.tlog
c:\users\79159\desktop\nngu\моделирование систем\потенциал\puason\puason\x64\debug\puason.tlog\rc.write.1.tlog
